#
# There is insufficient memory for the Java Runtime Environment to continue.
# Native memory allocation (mmap) failed to map 268435456 bytes for G1 virtual space
# Possible reasons:
#   The system is out of physical RAM or swap space
#   The process is running with CompressedOops enabled, and the Java Heap may be blocking the growth of the native heap
# Possible solutions:
#   Reduce memory load on the system
#   Increase physical memory or swap space
#   Check if swap backing store is full
#   Decrease Java heap size (-Xmx/-Xms)
#   Decrease number of Java threads
#   Decrease Java thread stack sizes (-Xss)
#   Set larger code cache with -XX:ReservedCodeCacheSize=
#   JVM is running with Zero Based Compressed Oops mode in which the Java heap is
#     placed in the first 32GB address space. The Java Heap base address is the
#     maximum limit for the native heap growth. Please use -XX:HeapBaseMinAddress
#     to set the Java Heap base and to place the Java Heap above 32GB virtual address.
# This output file may be truncated or incomplete.
#
#  Out of Memory Error (os_windows.cpp:3541), pid=36120, tid=22092
#
# JRE version:  (17.0.5+9) (build )
# Java VM: Java HotSpot(TM) 64-Bit Server VM (17.0.5+9-LTS-191, mixed mode, sharing, tiered, compressed oops, compressed class ptrs, g1 gc, windows-amd64)
# No core dump will be written. Minidumps are not enabled by default on client versions of Windows
#

---------------  S U M M A R Y ------------

Command Line: C:\Users\USER\AppData\Local\Temp\surefire15203314799762113620\surefirebooter9338281373751748468.jar C:\Users\USER\AppData\Local\Temp\surefire15203314799762113620 2023-04-03T12-28-01_753-jvmRun1 surefire7064974429607244194tmp surefire_06043541446881169724tmp

Host: Intel(R) Core(TM) i7-8700 CPU @ 3.20GHz, 12 cores, 15G,  Windows 10 , 64 bit Build 19041 (10.0.19041.2546)
Time: Mon Apr  3 12:28:02 2023 Hora estándar de Argentina elapsed time: 0.151112 seconds (0d 0h 0m 0s)

---------------  T H R E A D  ---------------

Current thread (0x00000238ba406250):  JavaThread "Unknown thread" [_thread_in_vm, id=22092, stack(0x000000bbd4c00000,0x000000bbd4d00000)]

Stack: [0x000000bbd4c00000,0x000000bbd4d00000]
Native frames: (J=compiled Java code, j=interpreted, Vv=VM code, C=native code)
V  [jvm.dll+0x672eea]
V  [jvm.dll+0x7d2a04]
V  [jvm.dll+0x7d41ae]
V  [jvm.dll+0x7d4813]
V  [jvm.dll+0x242c15]
V  [jvm.dll+0x66fe09]
V  [jvm.dll+0x664682]
V  [jvm.dll+0x300e8b]
V  [jvm.dll+0x308426]
V  [jvm.dll+0x357ffe]
V  [jvm.dll+0x35822f]
V  [jvm.dll+0x2d80a8]
V  [jvm.dll+0x2d9014]
V  [jvm.dll+0x7a44e1]
V  [jvm.dll+0x365df1]
V  [jvm.dll+0x7838fc]
V  [jvm.dll+0x3e873f]
V  [jvm.dll+0x3ea1e1]
C  [jli.dll+0x527b]
C  [ucrtbase.dll+0x21bb2]
C  [KERNEL32.DLL+0x17614]
C  [ntdll.dll+0x526a1]


---------------  P R O C E S S  ---------------

Threads class SMR info:
_java_thread_list=0x00007ffd3e7ca8d8, length=0, elements={
}

Java Threads: ( => current thread )

Other Threads:
  0x00000238ba471e50 GCTaskThread "GC Thread#0" [stack: 0x000000bbd4d00000,0x000000bbd4e00000] [id=38368]
  0x00000238ba482c70 ConcurrentGCThread "G1 Main Marker" [stack: 0x000000bbd4e00000,0x000000bbd4f00000] [id=61728]
  0x00000238ba483e20 ConcurrentGCThread "G1 Conc#0" [stack: 0x000000bbd4f00000,0x000000bbd5000000] [id=61740]

[error occurred during error reporting (printing all threads), id 0xc0000005, EXCEPTION_ACCESS_VIOLATION (0xc0000005) at pc=0x00007ffd3e018a97]

VM state: not at safepoint (not fully initialized)

VM Mutex/Monitor currently owned by a thread:  ([mutex/lock_event])
[0x00000238ba401de0] Heap_lock - owner thread: 0x00000238ba406250

Heap address: 0x0000000701e00000, size: 4066 MB, Compressed Oops mode: Zero based, Oop shift amount: 3

CDS archive(s) mapped at: [0x0000000000000000-0x0000000000000000-0x0000000000000000), size 0, SharedBaseAddress: 0x0000000800000000, ArchiveRelocationMode: 0.
Narrow klass base: 0x0000000000000000, Narrow klass shift: 0, Narrow klass range: 0x0

GC Precious Log:
<Empty>

Heap:
 garbage-first heap   total 0K, used 0K [0x0000000701e00000, 0x0000000800000000)
  region size 2048K, 0 young (0K), 0 survivors (0K)

[error occurred during error reporting (printing heap information), id 0xc0000005, EXCEPTION_ACCESS_VIOLATION (0xc0000005) at pc=0x00007ffd3e3fc399]

GC Heap History (0 events):
No events

Deoptimization events (0 events):
No events

Classes unloaded (0 events):
No events

Classes redefined (0 events):
No events

Internal exceptions (0 events):
No events

VM Operations (0 events):
No events

Events (1 events):
Event: 0.005 Loaded shared library C:\Program Files\Java\jdk-17.0.5\bin\java.dll


Dynamic libraries:
0x00007ff6a8ff0000 - 0x00007ff6a9000000 	C:\Program Files\Java\jdk-17.0.5\bin\java.exe
0x00007ffe0b070000 - 0x00007ffe0b268000 	C:\WINDOWS\SYSTEM32\ntdll.dll
0x00007ffdfb700000 - 0x00007ffdfb719000 	C:\Program Files\Avast Software\Avast\aswhook.dll
0x00007ffe0ad70000 - 0x00007ffe0ae2f000 	C:\WINDOWS\System32\KERNEL32.DLL
0x00007ffe08c50000 - 0x00007ffe08f22000 	C:\WINDOWS\System32\KERNELBASE.dll
0x00007ffe08b50000 - 0x00007ffe08c50000 	C:\WINDOWS\System32\ucrtbase.dll
0x00007ffde4d90000 - 0x00007ffde4da8000 	C:\Program Files\Java\jdk-17.0.5\bin\jli.dll
0x00007ffdd5e10000 - 0x00007ffdd5e2a000 	C:\Program Files\Java\jdk-17.0.5\bin\VCRUNTIME140.dll
0x00007ffe0a130000 - 0x00007ffe0a1de000 	C:\WINDOWS\System32\ADVAPI32.dll
0x00007ffe0a2f0000 - 0x00007ffe0a38e000 	C:\WINDOWS\System32\msvcrt.dll
0x00007ffe09d00000 - 0x00007ffe09d9c000 	C:\WINDOWS\System32\sechost.dll
0x00007ffe09bd0000 - 0x00007ffe09cf4000 	C:\WINDOWS\System32\RPCRT4.dll
0x00007ffe09180000 - 0x00007ffe09321000 	C:\WINDOWS\System32\USER32.dll
0x00007ffdf33f0000 - 0x00007ffdf368a000 	C:\WINDOWS\WinSxS\amd64_microsoft.windows.common-controls_6595b64144ccf1df_6.0.19041.1110_none_60b5254171f9507e\COMCTL32.dll
0x00007ffe09040000 - 0x00007ffe09062000 	C:\WINDOWS\System32\win32u.dll
0x00007ffe09da0000 - 0x00007ffe09dcb000 	C:\WINDOWS\System32\GDI32.dll
0x00007ffe087a0000 - 0x00007ffe088af000 	C:\WINDOWS\System32\gdi32full.dll
0x00007ffe08fa0000 - 0x00007ffe0903d000 	C:\WINDOWS\System32\msvcp_win.dll
0x00007ffe03780000 - 0x00007ffe0378a000 	C:\WINDOWS\SYSTEM32\VERSION.dll
0x00007ffe0acd0000 - 0x00007ffe0ad00000 	C:\WINDOWS\System32\IMM32.DLL
0x00007ffdd6a60000 - 0x00007ffdd6a6c000 	C:\Program Files\Java\jdk-17.0.5\bin\vcruntime140_1.dll
0x00007ffd400e0000 - 0x00007ffd4016d000 	C:\Program Files\Java\jdk-17.0.5\bin\msvcp140.dll
0x00007ffd3dd30000 - 0x00007ffd3e8f2000 	C:\Program Files\Java\jdk-17.0.5\bin\server\jvm.dll
0x00007ffe09330000 - 0x00007ffe09338000 	C:\WINDOWS\System32\PSAPI.DLL
0x00007ffdfddb0000 - 0x00007ffdfddb9000 	C:\WINDOWS\SYSTEM32\WSOCK32.dll
0x00007ffdf3320000 - 0x00007ffdf3347000 	C:\WINDOWS\SYSTEM32\WINMM.dll
0x00007ffe0ad00000 - 0x00007ffe0ad6b000 	C:\WINDOWS\System32\WS2_32.dll
0x00007ffe07010000 - 0x00007ffe07022000 	C:\WINDOWS\SYSTEM32\kernel.appcore.dll
0x00007ffdd69c0000 - 0x00007ffdd69ca000 	C:\Program Files\Java\jdk-17.0.5\bin\jimage.dll
0x00007ffdffaa0000 - 0x00007ffdffc84000 	C:\WINDOWS\SYSTEM32\DBGHELP.DLL
0x00007ffe00630000 - 0x00007ffe00665000 	C:\WINDOWS\SYSTEM32\dbgcore.DLL
0x00007ffe08a10000 - 0x00007ffe08a92000 	C:\WINDOWS\System32\bcryptPrimitives.dll
0x00007ffdce1b0000 - 0x00007ffdce1d5000 	C:\Program Files\Java\jdk-17.0.5\bin\java.dll

dbghelp: loaded successfully - version: 4.0.5 - missing functions: none
symbol engine: initialized successfully - sym options: 0x614 - pdb path: .;C:\Program Files\Java\jdk-17.0.5\bin;C:\WINDOWS\SYSTEM32;C:\Program Files\Avast Software\Avast;C:\WINDOWS\WinSxS\amd64_microsoft.windows.common-controls_6595b64144ccf1df_6.0.19041.1110_none_60b5254171f9507e;C:\Program Files\Java\jdk-17.0.5\bin\server

VM Arguments:
java_command: C:\Users\USER\AppData\Local\Temp\surefire15203314799762113620\surefirebooter9338281373751748468.jar C:\Users\USER\AppData\Local\Temp\surefire15203314799762113620 2023-04-03T12-28-01_753-jvmRun1 surefire7064974429607244194tmp surefire_06043541446881169724tmp
java_class_path (initial): C:\Users\USER\AppData\Local\Temp\surefire15203314799762113620\surefirebooter9338281373751748468.jar
Launcher Type: SUN_STANDARD

[Global flags]
     intx CICompilerCount                          = 4                                         {product} {ergonomic}
     uint ConcGCThreads                            = 3                                         {product} {ergonomic}
     uint G1ConcRefinementThreads                  = 10                                        {product} {ergonomic}
   size_t G1HeapRegionSize                         = 2097152                                   {product} {ergonomic}
    uintx GCDrainStackTargetSize                   = 64                                        {product} {ergonomic}
   size_t InitialHeapSize                          = 268435456                                 {product} {ergonomic}
   size_t MarkStackSize                            = 4194304                                   {product} {ergonomic}
   size_t MaxHeapSize                              = 4263510016                                {product} {ergonomic}
   size_t MinHeapDeltaBytes                        = 2097152                                   {product} {ergonomic}
   size_t MinHeapSize                              = 8388608                                   {product} {ergonomic}
    uintx NonNMethodCodeHeapSize                   = 5839372                                {pd product} {ergonomic}
    uintx NonProfiledCodeHeapSize                  = 122909434                              {pd product} {ergonomic}
    uintx ProfiledCodeHeapSize                     = 122909434                              {pd product} {ergonomic}
    uintx ReservedCodeCacheSize                    = 251658240                              {pd product} {ergonomic}
     bool SegmentedCodeCache                       = true                                      {product} {ergonomic}
   size_t SoftMaxHeapSize                          = 4263510016                             {manageable} {ergonomic}
     bool UseCompressedClassPointers               = true                           {product lp64_product} {ergonomic}
     bool UseCompressedOops                        = true                           {product lp64_product} {ergonomic}
     bool UseG1GC                                  = true                                      {product} {ergonomic}
     bool UseLargePagesIndividualAllocation        = false                                  {pd product} {ergonomic}

Logging:
Log output configuration:
 #0: stdout all=warning uptime,level,tags
 #1: stderr all=off uptime,level,tags

Environment Variables:
JAVA_HOME=C:\Program Files\Java\jdk-17.0.5
PATH=C:\Program Files\Common Files\Oracle\Java\javapath;C:\Python310\Scripts\;C:\Python310\;C:\Program Files (x86)\Common Files\Intel\Shared Libraries\redist\intel64\compiler;C:\Program Files\AdoptOpenJDK\jre-8.0.282.8-hotspot\bin;C:\Program Files\AdoptOpenJDK\jre-11.0.10.9-hotspot\bin;C:\Program Files (x86)\AdoptOpenJDK\jre-8.0.282.8-hotspot\bin;C:\WINDOWS\system32;C:\WINDOWS;C:\WINDOWS\System32\Wbem;C:\WINDOWS\System32\WindowsPowerShell\v1.0\;C:\WINDOWS\System32\OpenSSH\;C:\Program Files\Microsoft VS Code\bin;C:\Program Files\dotnet\;C:\ProgramData\chocolatey\bin;C:\Program Files\Docker\Docker\resources\bin;C:\ProgramData\DockerDesktop\version-bin;C:\Program Files\Git\cmd;C:\Program Files\nodejs\;C:\Program Files\MySQL\MySQL Shell 8.0\bin\;C:\Program Files\Python39;C:\Program Files\Python39\Scripts;C:\Users\USER\AppData\Local\Microsoft\WindowsApps;C:\Users\USER\AppData\Local\Programs\MiKTeX\miktex\bin\x64\;C:\Users\USER\AppData\Local\Programs\Microsoft VS Code\bin;C:\Users\USER\AppData\Roaming\cabal\bin;C:\ProgramData\chocolatey\lib\ghc\tools\ghc-8.10.1\bin;C:\ghcup\bin;C:\Users\USER\AppData\Roaming\npm;C:\mingw64\bin;C:\MinGW\bin;C:\cygwin64\bin
USERNAME=USER
OS=Windows_NT
PROCESSOR_IDENTIFIER=Intel64 Family 6 Model 158 Stepping 10, GenuineIntel



---------------  S Y S T E M  ---------------

OS:
 Windows 10 , 64 bit Build 19041 (10.0.19041.2546)
OS uptime: 7 days 9:03 hours

CPU: total 12 (initial active 12) (6 cores per cpu, 2 threads per core) family 6 model 158 stepping 10 microcode 0xb4, cx8, cmov, fxsr, ht, mmx, 3dnowpref, sse, sse2, sse3, ssse3, sse4.1, sse4.2, popcnt, lzcnt, tsc, tscinvbit, avx, avx2, aes, erms, clmul, bmi1, bmi2, rtm, adx, fma, vzeroupper, clflush, clflushopt

Memory: 4k page, system-wide physical 16257M (1020M free)
TotalPageFile size 45987M (AvailPageFile size 285M)
current process WorkingSet (physical memory assigned to process): 10M, peak: 10M
current process commit charge ("private bytes"): 64M, peak: 320M

vm_info: Java HotSpot(TM) 64-Bit Server VM (17.0.5+9-LTS-191) for windows-amd64 JRE (17.0.5+9-LTS-191), built on Sep 13 2022 17:31:43 by "mach5one" with MS VC++ 16.8 / 16.9 (VS2019)

END.
